P.P.R/Library/Bee/Android/Prj/IL2CPP/Gradle/launcher/build/intermediates/manifest_merge_blame_file/release/manifest-merger-blame-release-report.txt
1<?xml version="1.0" encoding="utf-8"?>
2<manifest xmlns:android="http://schemas.android.com/apk/res/android"
3    package="com.MyCompany.pixelpuzzlerpg"
4    android:installLocation="auto"
5    android:versionCode="1"
6    android:versionName="0.2.0" >
7
8    <uses-sdk
9        android:minSdkVersion="28"
9-->src\main\AndroidManifest.xml
10        android:targetSdkVersion="30" />
10-->src\main\AndroidManifest.xml
11
12    <supports-screens
12-->src\main\AndroidManifest.xml:3:3-163
13        android:anyDensity="true"
13-->src\main\AndroidManifest.xml:3:135-160
14        android:largeScreens="true"
14-->src\main\AndroidManifest.xml:3:78-105
15        android:normalScreens="true"
15-->src\main\AndroidManifest.xml:3:49-77
16        android:smallScreens="true"
16-->src\main\AndroidManifest.xml:3:21-48
17        android:xlargeScreens="true" />
17-->src\main\AndroidManifest.xml:3:106-134
18
19    <uses-feature android:glEsVersion="0x00020000" />
19-->[:unityLibrary] AndroidManifest.xml:12:5-54
19-->[:unityLibrary] AndroidManifest.xml:12:19-51
20
21    <uses-permission android:name="android.permission.INTERNET" />
21-->[:unityLibrary] AndroidManifest.xml:14:5-67
21-->[:unityLibrary] AndroidManifest.xml:14:22-64
22
23    <uses-feature
23-->[:unityLibrary] AndroidManifest.xml:16:5-18:36
24        android:name="android.hardware.touchscreen"
24-->[:unityLibrary] AndroidManifest.xml:17:9-52
25        android:required="false" />
25-->[:unityLibrary] AndroidManifest.xml:18:9-33
26    <uses-feature
26-->[:unityLibrary] AndroidManifest.xml:19:5-21:36
27        android:name="android.hardware.touchscreen.multitouch"
27-->[:unityLibrary] AndroidManifest.xml:20:9-63
28        android:required="false" />
28-->[:unityLibrary] AndroidManifest.xml:21:9-33
29    <uses-feature
29-->[:unityLibrary] AndroidManifest.xml:22:5-24:36
30        android:name="android.hardware.touchscreen.multitouch.distinct"
30-->[:unityLibrary] AndroidManifest.xml:23:9-72
31        android:required="false" />
31-->[:unityLibrary] AndroidManifest.xml:24:9-33
32
33    <uses-permission android:name="android.permission.POST_NOTIFICATIONS" />
33-->[:unityLibrary] AndroidManifest.xml:26:5-77
33-->[:unityLibrary] AndroidManifest.xml:26:22-74
34
35    <application
35-->src\main\AndroidManifest.xml:4:3-83
36        android:extractNativeLibs="true"
36-->[:unityLibrary] AndroidManifest.xml:29:9-41
37        android:icon="@mipmap/app_icon"
37-->src\main\AndroidManifest.xml:4:49-80
38        android:isGame="true"
38-->[:unityLibrary] AndroidManifest.xml:30:9-30
39        android:label="@string/app_name" >
39-->src\main\AndroidManifest.xml:4:16-48
40        <activity
40-->[:unityLibrary] AndroidManifest.xml:31:9-49:20
41            android:name="com.unity3d.player.UnityPlayerActivity"
41-->[:unityLibrary] AndroidManifest.xml:32:13-66
42            android:configChanges="mcc|mnc|locale|touchscreen|keyboard|keyboardHidden|navigation|orientation|screenLayout|uiMode|screenSize|smallestScreenSize|fontScale|layoutDirection|density"
42-->[:unityLibrary] AndroidManifest.xml:33:13-194
43            android:hardwareAccelerated="false"
43-->[:unityLibrary] AndroidManifest.xml:34:13-48
44            android:launchMode="singleTask"
44-->[:unityLibrary] AndroidManifest.xml:35:13-44
45            android:resizeableActivity="false"
45-->[:unityLibrary] AndroidManifest.xml:36:13-47
46            android:screenOrientation="portrait"
46-->[:unityLibrary] AndroidManifest.xml:37:13-49
47            android:theme="@style/UnityThemeSelector" >
47-->[:unityLibrary] AndroidManifest.xml:38:13-54
48            <intent-filter>
48-->[:unityLibrary] AndroidManifest.xml:39:13-44:29
49                <action android:name="android.intent.action.MAIN" />
49-->[:unityLibrary] AndroidManifest.xml:40:17-69
49-->[:unityLibrary] AndroidManifest.xml:40:25-66
50
51                <category android:name="android.intent.category.LAUNCHER" />
51-->[:unityLibrary] AndroidManifest.xml:42:17-77
51-->[:unityLibrary] AndroidManifest.xml:42:27-74
52                <category android:name="android.intent.category.LEANBACK_LAUNCHER" />
52-->[:unityLibrary] AndroidManifest.xml:43:17-86
52-->[:unityLibrary] AndroidManifest.xml:43:27-83
53            </intent-filter>
54
55            <meta-data
55-->[:unityLibrary] AndroidManifest.xml:46:13-48:40
56                android:name="unityplayer.UnityActivity"
56-->[:unityLibrary] AndroidManifest.xml:47:17-57
57                android:value="true" />
57-->[:unityLibrary] AndroidManifest.xml:48:17-37
58        </activity>
59
60        <meta-data
60-->[:unityLibrary] AndroidManifest.xml:51:9-53:33
61            android:name="unity.splash-mode"
61-->[:unityLibrary] AndroidManifest.xml:52:13-45
62            android:value="0" />
62-->[:unityLibrary] AndroidManifest.xml:53:13-30
63        <meta-data
63-->[:unityLibrary] AndroidManifest.xml:54:9-56:36
64            android:name="unity.splash-enable"
64-->[:unityLibrary] AndroidManifest.xml:55:13-47
65            android:value="True" />
65-->[:unityLibrary] AndroidManifest.xml:56:13-33
66        <meta-data
66-->[:unityLibrary] AndroidManifest.xml:57:9-59:36
67            android:name="unity.launch-fullscreen"
67-->[:unityLibrary] AndroidManifest.xml:58:13-51
68            android:value="True" />
68-->[:unityLibrary] AndroidManifest.xml:59:13-33
69        <meta-data
69-->[:unityLibrary] AndroidManifest.xml:60:9-62:37
70            android:name="unity.allow-resizable-window"
70-->[:unityLibrary] AndroidManifest.xml:61:13-56
71            android:value="False" />
71-->[:unityLibrary] AndroidManifest.xml:62:13-34
72        <meta-data
72-->[:unityLibrary] AndroidManifest.xml:63:9-65:36
73            android:name="unity.auto-report-fully-drawn"
73-->[:unityLibrary] AndroidManifest.xml:64:13-57
74            android:value="true" />
74-->[:unityLibrary] AndroidManifest.xml:65:13-33
75
76        <receiver
76-->[:unityLibrary] AndroidManifest.xml:67:9-69:40
77            android:name="com.unity.androidnotifications.UnityNotificationManager"
77-->[:unityLibrary] AndroidManifest.xml:68:13-83
78            android:exported="false" />
78-->[:unityLibrary] AndroidManifest.xml:69:13-37
79        <receiver
79-->[:unityLibrary] AndroidManifest.xml:70:9-77:20
80            android:name="com.unity.androidnotifications.UnityNotificationRestartOnBootReceiver"
80-->[:unityLibrary] AndroidManifest.xml:71:13-97
81            android:enabled="false"
81-->[:unityLibrary] AndroidManifest.xml:72:13-36
82            android:exported="false" >
82-->[:unityLibrary] AndroidManifest.xml:73:13-37
83            <intent-filter>
83-->[:unityLibrary] AndroidManifest.xml:74:13-76:29
84                <action android:name="android.intent.action.BOOT_COMPLETED" />
84-->[:unityLibrary] AndroidManifest.xml:75:17-79
84-->[:unityLibrary] AndroidManifest.xml:75:25-76
85            </intent-filter>
86        </receiver>
87
88        <meta-data
88-->[:unityLibrary] AndroidManifest.xml:79:9-81:33
89            android:name="com.unity.androidnotifications.exact_scheduling"
89-->[:unityLibrary] AndroidManifest.xml:80:13-75
90            android:value="0" />
90-->[:unityLibrary] AndroidManifest.xml:81:13-30
91    </application>
92
93</manifest>